<?xml version="1.0" encoding="UTF-8"?>
<testsuite name="kr.ac.jejunu.user.UserDaoTests" tests="4" skipped="0" failures="0" errors="0" timestamp="2023-04-19T14:26:42" hostname="oghaeeun-ui-MacBookPro.local" time="0.387">
  <properties/>
  <testcase name="delete()" classname="kr.ac.jejunu.user.UserDaoTests" time="0.339"/>
  <testcase name="insert()" classname="kr.ac.jejunu.user.UserDaoTests" time="0.012"/>
  <testcase name="update()" classname="kr.ac.jejunu.user.UserDaoTests" time="0.019"/>
  <testcase name="get()" classname="kr.ac.jejunu.user.UserDaoTests" time="0.012"/>
  <system-out><![CDATA[]]></system-out>
  <system-err><![CDATA[]]></system-err>
</testsuite>
